timestamp: 2024-12-05T10:43:27.106745
CREATE TABLE "auth_user"(
    "id" INTEGER PRIMARY KEY AUTOINCREMENT,
    "first_name" CHAR(128),
    "last_name" CHAR(128),
    "email" CHAR(512),
    "username" CHAR(128),
    "password" CHAR(512),
    "registration_key" CHAR(512),
    "reset_password_key" CHAR(512),
    "registration_id" CHAR(512),
    "is_active" CHAR(1),
    "created_on" TIMESTAMP,
    "created_by" INTEGER REFERENCES "auth_user" ("id") ON DELETE CASCADE ON UPDATE CASCADE  ,
    "modified_on" TIMESTAMP,
    "modified_by" INTEGER REFERENCES "auth_user" ("id") ON DELETE CASCADE ON UPDATE CASCADE  
);
success!
timestamp: 2024-12-05T10:43:27.122718
CREATE TABLE "auth_group"(
    "id" INTEGER PRIMARY KEY AUTOINCREMENT,
    "role" CHAR(512),
    "description" TEXT,
    "is_active" CHAR(1),
    "created_on" TIMESTAMP,
    "created_by" INTEGER REFERENCES "auth_user" ("id") ON DELETE CASCADE ON UPDATE CASCADE  ,
    "modified_on" TIMESTAMP,
    "modified_by" INTEGER REFERENCES "auth_user" ("id") ON DELETE CASCADE ON UPDATE CASCADE  
);
success!
timestamp: 2024-12-05T10:43:27.122718
CREATE TABLE "auth_membership"(
    "id" INTEGER PRIMARY KEY AUTOINCREMENT,
    "user_id" INTEGER REFERENCES "auth_user" ("id") ON DELETE CASCADE ON UPDATE CASCADE  ,
    "group_id" INTEGER REFERENCES "auth_group" ("id") ON DELETE CASCADE ON UPDATE CASCADE  ,
    "is_active" CHAR(1),
    "created_on" TIMESTAMP,
    "created_by" INTEGER REFERENCES "auth_user" ("id") ON DELETE CASCADE ON UPDATE CASCADE  ,
    "modified_on" TIMESTAMP,
    "modified_by" INTEGER REFERENCES "auth_user" ("id") ON DELETE CASCADE ON UPDATE CASCADE  
);
success!
timestamp: 2024-12-05T10:43:27.122718
CREATE TABLE "auth_permission"(
    "id" INTEGER PRIMARY KEY AUTOINCREMENT,
    "group_id" INTEGER REFERENCES "auth_group" ("id") ON DELETE CASCADE ON UPDATE CASCADE  ,
    "name" CHAR(512),
    "table_name" CHAR(512),
    "record_id" INTEGER,
    "is_active" CHAR(1),
    "created_on" TIMESTAMP,
    "created_by" INTEGER REFERENCES "auth_user" ("id") ON DELETE CASCADE ON UPDATE CASCADE  ,
    "modified_on" TIMESTAMP,
    "modified_by" INTEGER REFERENCES "auth_user" ("id") ON DELETE CASCADE ON UPDATE CASCADE  
);
success!
timestamp: 2024-12-05T10:43:27.138345
CREATE TABLE "auth_event"(
    "id" INTEGER PRIMARY KEY AUTOINCREMENT,
    "time_stamp" TIMESTAMP,
    "client_ip" CHAR(512),
    "user_id" INTEGER REFERENCES "auth_user" ("id") ON DELETE CASCADE ON UPDATE CASCADE  ,
    "origin" CHAR(512),
    "description" TEXT
);
success!
timestamp: 2024-12-05T10:43:27.138345
CREATE TABLE "auth_cas"(
    "id" INTEGER PRIMARY KEY AUTOINCREMENT,
    "user_id" INTEGER REFERENCES "auth_user" ("id") ON DELETE CASCADE ON UPDATE CASCADE  ,
    "created_on" TIMESTAMP,
    "service" CHAR(512),
    "ticket" CHAR(512),
    "renew" CHAR(1)
);
success!
timestamp: 2024-12-05T10:43:27.138345
CREATE TABLE "contrato_cliente"(
    "id" INTEGER PRIMARY KEY AUTOINCREMENT,
    "numero" CHAR(512),
    "anho" CHAR(512),
    "empresa" CHAR(512),
    "tipo_contrato" CHAR(512),
    "estado_contrato" CHAR(512),
    "fecha_confeccion" DATE,
    "fecha_vencimiento" DATE,
    "contrato_file" CHAR(512),
    "observaciones" TEXT,
    "is_active" CHAR(1),
    "created_on" TIMESTAMP,
    "created_by" INTEGER REFERENCES "auth_user" ("id") ON DELETE CASCADE ON UPDATE CASCADE  ,
    "modified_on" TIMESTAMP,
    "modified_by" INTEGER REFERENCES "auth_user" ("id") ON DELETE CASCADE ON UPDATE CASCADE  
);
success!
timestamp: 2024-12-05T10:43:27.138345
CREATE TABLE "contrato_proveedor"(
    "id" INTEGER PRIMARY KEY AUTOINCREMENT,
    "numero" CHAR(512),
    "anho" CHAR(512),
    "empresa" CHAR(512),
    "tipo_contrato" CHAR(512),
    "estado_contrato" CHAR(512),
    "fecha_confeccion" DATE,
    "fecha_vencimiento" DATE,
    "contrato_file" CHAR(512),
    "observaciones" TEXT,
    "is_active" CHAR(1),
    "created_on" TIMESTAMP,
    "created_by" INTEGER REFERENCES "auth_user" ("id") ON DELETE CASCADE ON UPDATE CASCADE  ,
    "modified_on" TIMESTAMP,
    "modified_by" INTEGER REFERENCES "auth_user" ("id") ON DELETE CASCADE ON UPDATE CASCADE  
);
success!
timestamp: 2024-12-05T10:43:27.153982
CREATE TABLE "contacto"(
    "id" INTEGER PRIMARY KEY AUTOINCREMENT,
    "nombre" CHAR(512),
    "cargo" CHAR(512),
    "tipo" CHAR(512),
    "numero" CHAR(512),
    "verificacion_mantenimiento" CHAR(1),
    "correo" CHAR(512)
);
success!
timestamp: 2024-12-05T10:43:27.153982
CREATE TABLE "contacto_contrato_cliente"(
    "id" INTEGER PRIMARY KEY AUTOINCREMENT,
    "contacto" INTEGER REFERENCES "contacto" ("id") ON DELETE CASCADE ON UPDATE CASCADE  ,
    "contrato" INTEGER REFERENCES "contrato_cliente" ("id") ON DELETE CASCADE ON UPDATE CASCADE  
);
success!
timestamp: 2024-12-05T10:43:27.153982
CREATE TABLE "contacto_contrato_proveedor"(
    "id" INTEGER PRIMARY KEY AUTOINCREMENT,
    "contacto" INTEGER REFERENCES "contacto" ("id") ON DELETE CASCADE ON UPDATE CASCADE  ,
    "contrato" INTEGER REFERENCES "contrato_proveedor" ("id") ON DELETE CASCADE ON UPDATE CASCADE  
);
success!
timestamp: 2024-12-05T10:43:27.172294
CREATE TABLE "firma_autorizada"(
    "id" INTEGER PRIMARY KEY AUTOINCREMENT,
    "nombre_completo" CHAR(512),
    "cargo" CHAR(512)
);
success!
timestamp: 2024-12-05T10:43:27.172294
CREATE TABLE "firma_autorizada_contrato_cliente"(
    "id" INTEGER PRIMARY KEY AUTOINCREMENT,
    "firma_autorizada" INTEGER REFERENCES "firma_autorizada" ("id") ON DELETE CASCADE ON UPDATE CASCADE  ,
    "contrato" INTEGER REFERENCES "contrato_cliente" ("id") ON DELETE CASCADE ON UPDATE CASCADE  
);
success!
timestamp: 2024-12-05T10:43:27.172294
CREATE TABLE "firma_autorizada_contrato_proveedor"(
    "id" INTEGER PRIMARY KEY AUTOINCREMENT,
    "firma_autorizada" INTEGER REFERENCES "firma_autorizada" ("id") ON DELETE CASCADE ON UPDATE CASCADE  ,
    "contrato" INTEGER REFERENCES "contrato_proveedor" ("id") ON DELETE CASCADE ON UPDATE CASCADE  
);
success!
timestamp: 2024-12-05T10:43:27.185304
CREATE TABLE "mantenimiento_contrato"(
    "id" INTEGER PRIMARY KEY AUTOINCREMENT,
    "planificacion" CHAR(512),
    "contrato" INTEGER REFERENCES "contrato_cliente" ("id") ON DELETE CASCADE ON UPDATE CASCADE  
);
success!
timestamp: 2024-12-05T10:43:27.185939
CREATE TABLE "mantenimiento"(
    "id" INTEGER PRIMARY KEY AUTOINCREMENT,
    "mantenimiento_contrato" INTEGER REFERENCES "mantenimiento_contrato" ("id") ON DELETE CASCADE ON UPDATE CASCADE  ,
    "cantidad_pc" INTEGER,
    "observaciones" TEXT,
    "fecha" DATE,
    "fecha_siguiente_mantenimiento" DATE,
    "is_active" CHAR(1),
    "created_on" TIMESTAMP,
    "created_by" INTEGER REFERENCES "auth_user" ("id") ON DELETE CASCADE ON UPDATE CASCADE  ,
    "modified_on" TIMESTAMP,
    "modified_by" INTEGER REFERENCES "auth_user" ("id") ON DELETE CASCADE ON UPDATE CASCADE  
);
success!
timestamp: 2024-12-05T10:43:27.185939
CREATE TABLE "notificacion_sistema"(
    "id" INTEGER PRIMARY KEY AUTOINCREMENT,
    "titulo" CHAR(512),
    "mensaje" CHAR(512),
    "observaciones" TEXT,
    "usuarios" TEXT,
    "created_on" TIMESTAMP,
    "estado" CHAR(512)
);
success!
DELETE FROM "auth_user";
DELETE FROM sqlite_sequence WHERE name='auth_user'
success!
DELETE FROM "auth_group";
DELETE FROM sqlite_sequence WHERE name='auth_group'
success!
DELETE FROM "auth_membership";
DELETE FROM sqlite_sequence WHERE name='auth_membership'
success!
